This is pdfTeX, Version 3.141592653-2.6-1.40.25 (TeX Live 2023) (preloaded format=pdflatex 2023.5.16)  25 OCT 2024 16:59
entering extended mode
 restricted \write18 enabled.
 file:line:error style messages enabled.
 %&-line parsing enabled.
**c:/Users/mastr/Documents/MS/programy/plpl-llvm/plplk/artykuł/HETERODOKSJA/praca.tex
(c:/Users/mastr/Documents/MS/programy/plpl-llvm/plplk/artykuł/HETERODOKSJA/praca.tex
LaTeX2e <2022-11-01> patch level 1
L3 programming layer <2023-05-11> (./aghdpl.cls *** [aghdpl.cls] --- (PK, GJN, MSz) v4.0 <2020-11-03> ***
Document Class: aghdpl 
(d:/texlive/2023/texmf-dist/tex/latex/kvoptions/kvoptions.sty
Package: kvoptions 2022-06-15 v3.15 Key value format for package options (HO)
 (d:/texlive/2023/texmf-dist/tex/latex/graphics/keyval.sty
Package: keyval 2022/05/29 v1.15 key=value parser (DPC)
\KV@toks@=\toks16
) (d:/texlive/2023/texmf-dist/tex/generic/ltxcmds/ltxcmds.sty
Package: ltxcmds 2020-05-10 v1.25 LaTeX kernel commands for general use (HO)
) (d:/texlive/2023/texmf-dist/tex/latex/kvsetkeys/kvsetkeys.sty
Package: kvsetkeys 2022-10-05 v1.19 Key value parser (HO)
)) (d:/texlive/2023/texmf-dist/tex/latex/base/report.cls
Document Class: report 2022/07/02 v1.4n Standard LaTeX document class
(d:/texlive/2023/texmf-dist/tex/latex/base/size12.clo
File: size12.clo 2022/07/02 v1.4n Standard LaTeX file (size option)
)
\c@part=\count185
\c@chapter=\count186
\c@section=\count187
\c@subsection=\count188
\c@subsubsection=\count189
\c@paragraph=\count190
\c@subparagraph=\count191
\c@figure=\count192
\c@table=\count193
\abovecaptionskip=\skip48
\belowcaptionskip=\skip49
\bibindent=\dimen140
) (d:/texlive/2023/texmf-dist/tex/generic/xstring/xstring.sty (d:/texlive/2023/texmf-dist/tex/generic/xstring/xstring.tex
\integerpart=\count194
\decimalpart=\count195
)
Package: xstring 2023/01/14 v1.85 String manipulations (CT)
) (d:/texlive/2023/texmf-dist/tex/latex/psnfss/times.sty
Package: times 2020/03/25 PSNFSS-v9.3 (SPQR) 
) (d:/texlive/2023/texmf-dist/tex/latex/base/fontenc.sty
Package: fontenc 2021/04/29 v2.0v Standard LaTeX package
LaTeX Font Info:    Trying to load font information for T1+ptm on input line 112.
 (d:/texlive/2023/texmf-dist/tex/latex/psnfss/t1ptm.fd
File: t1ptm.fd 2001/06/04 font definitions for T1/ptm.
)) (d:/texlive/2023/texmf-dist/tex/generic/babel/babel.sty
Package: babel 2023/05/11 v3.89 The Babel package
\babel@savecnt=\count196
\U@D=\dimen141
\l@unhyphenated=\language87
 (d:/texlive/2023/texmf-dist/tex/generic/babel/txtbabel.def)
\bbl@readstream=\read2
\bbl@dirlevel=\count197
 (d:/texlive/2023/texmf-dist/tex/generic/babel-english/english.ldf
Language: english 2017/06/06 v3.3r English support from the babel system
Package babel Info: Hyphen rules for 'canadian' set to \l@english
(babel)             (\language0). Reported on input line 102.
Package babel Info: Hyphen rules for 'australian' set to \l@ukenglish
(babel)             (\language21). Reported on input line 105.
Package babel Info: Hyphen rules for 'newzealand' set to \l@ukenglish
(babel)             (\language21). Reported on input line 108.
) (d:/texlive/2023/texmf-dist/tex/generic/babel-polish/polish.ldf
Language: polish 2022/03/12 1.3 Babel support for Polish
Package babel Info: Making " an active character on input line 101.
)) (d:/texlive/2023/texmf-dist/tex/generic/babel/locale/pl/babel-polish.tex
Package babel Info: Importing font and identification data for polish
(babel)             from babel-pl.ini. Reported on input line 11.
) (d:/texlive/2023/texmf-dist/tex/generic/babel/locale/en/babel-english.tex
Package babel Info: Importing font and identification data for english
(babel)             from babel-en.ini. Reported on input line 11.
) (d:/texlive/2023/texmf-dist/tex/latex/polski/polski.sty
Package: polski 2021/08/25 v1.3.6 Polish language package
) (d:/texlive/2023/texmf-dist/tex/latex/base/inputenc.sty
Package: inputenc 2021/02/14 v1.3d Input encoding file
\inpenc@prehook=\toks17
\inpenc@posthook=\toks18
) (d:/texlive/2023/texmf-dist/tex/latex/mathtools/mathtools.sty
Package: mathtools 2022/06/29 v1.29 mathematical typesetting tools
 (d:/texlive/2023/texmf-dist/tex/latex/tools/calc.sty
Package: calc 2017/05/25 v4.3 Infix arithmetic (KKT,FJ)
\calc@Acount=\count198
\calc@Bcount=\count199
\calc@Adimen=\dimen142
\calc@Bdimen=\dimen143
\calc@Askip=\skip50
\calc@Bskip=\skip51
LaTeX Info: Redefining \setlength on input line 80.
LaTeX Info: Redefining \addtolength on input line 81.
\calc@Ccount=\count266
\calc@Cskip=\skip52
) (d:/texlive/2023/texmf-dist/tex/latex/mathtools/mhsetup.sty
Package: mhsetup 2021/03/18 v1.4 programming setup (MH)
) (d:/texlive/2023/texmf-dist/tex/latex/amsmath/amsmath.sty
Package: amsmath 2022/04/08 v2.17n AMS math features
\@mathmargin=\skip53

For additional information on amsmath, use the `?' option.
(d:/texlive/2023/texmf-dist/tex/latex/amsmath/amstext.sty
Package: amstext 2021/08/26 v2.01 AMS text
 (d:/texlive/2023/texmf-dist/tex/latex/amsmath/amsgen.sty
File: amsgen.sty 1999/11/30 v2.0 generic functions
\@emptytoks=\toks19
\ex@=\dimen144
)) (d:/texlive/2023/texmf-dist/tex/latex/amsmath/amsbsy.sty
Package: amsbsy 1999/11/29 v1.2d Bold Symbols
\pmbraise@=\dimen145
) (d:/texlive/2023/texmf-dist/tex/latex/amsmath/amsopn.sty
Package: amsopn 2022/04/08 v2.04 operator names
)
\inf@bad=\count267
LaTeX Info: Redefining \frac on input line 234.
\uproot@=\count268
\leftroot@=\count269
LaTeX Info: Redefining \overline on input line 399.
LaTeX Info: Redefining \colon on input line 410.
\classnum@=\count270
\DOTSCASE@=\count271
LaTeX Info: Redefining \ldots on input line 496.
LaTeX Info: Redefining \dots on input line 499.
LaTeX Info: Redefining \cdots on input line 620.
\Mathstrutbox@=\box51
\strutbox@=\box52
LaTeX Info: Redefining \big on input line 722.
LaTeX Info: Redefining \Big on input line 723.
LaTeX Info: Redefining \bigg on input line 724.
LaTeX Info: Redefining \Bigg on input line 725.
\big@size=\dimen146
LaTeX Font Info:    Redeclaring font encoding OML on input line 743.
LaTeX Font Info:    Redeclaring font encoding OMS on input line 744.
\macc@depth=\count272
LaTeX Info: Redefining \bmod on input line 905.
LaTeX Info: Redefining \pmod on input line 910.
LaTeX Info: Redefining \smash on input line 940.
LaTeX Info: Redefining \relbar on input line 970.
LaTeX Info: Redefining \Relbar on input line 971.
\c@MaxMatrixCols=\count273
\dotsspace@=\muskip16
\c@parentequation=\count274
\dspbrk@lvl=\count275
\tag@help=\toks20
\row@=\count276
\column@=\count277
\maxfields@=\count278
\andhelp@=\toks21
\eqnshift@=\dimen147
\alignsep@=\dimen148
\tagshift@=\dimen149
\tagwidth@=\dimen150
\totwidth@=\dimen151
\lineht@=\dimen152
\@envbody=\toks22
\multlinegap=\skip54
\multlinetaggap=\skip55
\mathdisplay@stack=\toks23
LaTeX Info: Redefining \[ on input line 2953.
LaTeX Info: Redefining \] on input line 2954.
)
\g_MT_multlinerow_int=\count279
\l_MT_multwidth_dim=\dimen153
\origjot=\skip56
\l_MT_shortvdotswithinadjustabove_dim=\dimen154
\l_MT_shortvdotswithinadjustbelow_dim=\dimen155
\l_MT_above_intertext_sep=\dimen156
\l_MT_below_intertext_sep=\dimen157
\l_MT_above_shortintertext_sep=\dimen158
\l_MT_below_shortintertext_sep=\dimen159
\xmathstrut@box=\box53
\xmathstrut@dim=\dimen160
) (d:/texlive/2023/texmf-dist/tex/latex/amsfonts/amsfonts.sty
Package: amsfonts 2013/01/14 v3.01 Basic AMSFonts support
\symAMSa=\mathgroup4
\symAMSb=\mathgroup5
LaTeX Font Info:    Redeclaring math symbol \hbar on input line 98.
LaTeX Font Info:    Overwriting math alphabet `\mathfrak' in version `bold'
(Font)                  U/euf/m/n --> U/euf/b/n on input line 106.
) (d:/texlive/2023/texmf-dist/tex/latex/amscls/amsthm.sty
Package: amsthm 2020/05/29 v2.20.6
\thm@style=\toks24
\thm@bodyfont=\toks25
\thm@headfont=\toks26
\thm@notefont=\toks27
\thm@headpunct=\toks28
\thm@preskip=\skip57
\thm@postskip=\skip58
\thm@headsep=\skip59
\dth@everypar=\toks29
) (d:/texlive/2023/texmf-dist/tex/latex/graphics/graphicx.sty
Package: graphicx 2021/09/16 v1.2d Enhanced LaTeX Graphics (DPC,SPQR)
 (d:/texlive/2023/texmf-dist/tex/latex/graphics/graphics.sty
Package: graphics 2022/03/10 v1.4e Standard LaTeX Graphics (DPC,SPQR)
 (d:/texlive/2023/texmf-dist/tex/latex/graphics/trig.sty
Package: trig 2021/08/11 v1.11 sin cos tan (DPC)
) (d:/texlive/2023/texmf-dist/tex/latex/graphics-cfg/graphics.cfg
File: graphics.cfg 2016/06/04 v1.11 sample graphics configuration
)
Package graphics Info: Driver file: pdftex.def on input line 107.
 (d:/texlive/2023/texmf-dist/tex/latex/graphics-def/pdftex.def
File: pdftex.def 2022/09/22 v1.2b Graphics/color driver for pdftex
))
\Gin@req@height=\dimen161
\Gin@req@width=\dimen162
) (d:/texlive/2023/texmf-dist/tex/latex/graphics/color.sty
Package: color 2022/01/06 v1.3d Standard LaTeX Color (DPC)
 (d:/texlive/2023/texmf-dist/tex/latex/graphics-cfg/color.cfg
File: color.cfg 2016/01/02 v1.6 sample color configuration
)
Package color Info: Driver file: pdftex.def on input line 149.
 (d:/texlive/2023/texmf-dist/tex/latex/graphics/mathcolor.ltx)) (d:/texlive/2023/texmf-dist/tex/latex/url/url.sty
\Urlmuskip=\muskip17
Package: url 2013/09/16  ver 3.4  Verb mode for urls, etc.
) (d:/texlive/2023/texmf-dist/tex/latex/titlesec/titlesec.sty
Package: titlesec 2021/07/05 v2.14 Sectioning titles
\ttl@box=\box54
\beforetitleunit=\skip60
\aftertitleunit=\skip61
\ttl@plus=\dimen163
\ttl@minus=\dimen164
\ttl@toksa=\toks30
\titlewidth=\dimen165
\titlewidthlast=\dimen166
\titlewidthfirst=\dimen167
) (d:/texlive/2023/texmf-dist/tex/latex/tocloft/tocloft.sty
Package: tocloft 2017/08/31 v2.3i parameterised ToC, etc., typesetting
Package tocloft Info: The document has chapter divisions on input line 51.
\cftparskip=\skip62
\cftbeforetoctitleskip=\skip63
\cftaftertoctitleskip=\skip64
\cftbeforepartskip=\skip65
\cftpartnumwidth=\skip66
\cftpartindent=\skip67
\cftbeforechapskip=\skip68
\cftchapindent=\skip69
\cftchapnumwidth=\skip70
\cftbeforesecskip=\skip71
\cftsecindent=\skip72
\cftsecnumwidth=\skip73
\cftbeforesubsecskip=\skip74
\cftsubsecindent=\skip75
\cftsubsecnumwidth=\skip76
\cftbeforesubsubsecskip=\skip77
\cftsubsubsecindent=\skip78
\cftsubsubsecnumwidth=\skip79
\cftbeforeparaskip=\skip80
\cftparaindent=\skip81
\cftparanumwidth=\skip82
\cftbeforesubparaskip=\skip83
\cftsubparaindent=\skip84
\cftsubparanumwidth=\skip85
\cftbeforeloftitleskip=\skip86
\cftafterloftitleskip=\skip87
\cftbeforefigskip=\skip88
\cftfigindent=\skip89
\cftfignumwidth=\skip90
\c@lofdepth=\count280
\c@lotdepth=\count281
\cftbeforelottitleskip=\skip91
\cftafterlottitleskip=\skip92
\cftbeforetabskip=\skip93
\cfttabindent=\skip94
\cfttabnumwidth=\skip95
) (d:/texlive/2023/texmf-dist/tex/latex/caption/caption.sty
Package: caption 2023/03/12 v3.6j Customizing captions (AR)
 (d:/texlive/2023/texmf-dist/tex/latex/caption/caption3.sty
Package: caption3 2023/03/12 v2.4 caption3 kernel (AR)
\caption@tempdima=\dimen168
\captionmargin=\dimen169
\caption@leftmargin=\dimen170
\caption@rightmargin=\dimen171
\caption@width=\dimen172
\caption@indent=\dimen173
\caption@parindent=\dimen174
\caption@hangindent=\dimen175
Package caption Info: Standard document class detected.
)
\c@caption@flags=\count282
\c@continuedfloat=\count283
) (d:/texlive/2023/texmf-dist/tex/latex/caption/subcaption.sty
Package: subcaption 2023/02/19 v1.6 Sub-captions (AR)
Package caption Info: New subtype `subfigure' on input line 239.
\c@subfigure=\count284
Package caption Info: New subtype `subtable' on input line 239.
\c@subtable=\count285
) (d:/texlive/2023/texmf-dist/tex/latex/tools/enumerate.sty
Package: enumerate 2015/07/23 v3.00 enumerate extensions (DPC)
\@enLab=\toks31
) (d:/texlive/2023/texmf-dist/tex/latex/enumitem/enumitem.sty
Package: enumitem 2019/06/20 v3.9 Customized lists
\labelindent=\skip96
\enit@outerparindent=\dimen176
\enit@toks=\toks32
\enit@inbox=\box55
\enit@count@id=\count286
\enitdp@description=\count287
) (d:/texlive/2023/texmf-dist/tex/latex/geometry/geometry.sty
Package: geometry 2020/01/02 v5.9 Page Geometry
 (d:/texlive/2023/texmf-dist/tex/generic/iftex/ifvtex.sty
Package: ifvtex 2019/10/25 v1.7 ifvtex legacy package. Use iftex instead.
 (d:/texlive/2023/texmf-dist/tex/generic/iftex/iftex.sty
Package: iftex 2022/02/03 v1.0f TeX engine tests
))
\Gm@cnth=\count288
\Gm@cntv=\count289
\c@Gm@tempcnt=\count290
\Gm@bindingoffset=\dimen177
\Gm@wd@mp=\dimen178
\Gm@odd@mp=\dimen179
\Gm@even@mp=\dimen180
\Gm@layoutwidth=\dimen181
\Gm@layoutheight=\dimen182
\Gm@layouthoffset=\dimen183
\Gm@layoutvoffset=\dimen184
\Gm@dimlist=\toks33
) (d:/texlive/2023/texmf-dist/tex/latex/nowidow/nowidow.sty
Package: nowidow 2011/09/20 1.0 Easily prevent widows and orphans
Package: nowidow 
) (d:/texlive/2023/texmf-dist/tex/latex/fancyhdr/fancyhdr.sty
Package: fancyhdr 2022/11/09 v4.1 Extensive control of page headers and footers
\f@nch@headwidth=\skip97
\f@nch@O@elh=\skip98
\f@nch@O@erh=\skip99
\f@nch@O@olh=\skip100
\f@nch@O@orh=\skip101
\f@nch@O@elf=\skip102
\f@nch@O@erf=\skip103
\f@nch@O@olf=\skip104
\f@nch@O@orf=\skip105
) (d:/texlive/2023/texmf-dist/tex/latex/siunitx/siunitx.sty
Package: siunitx 2023-04-13 v3.2.5 A comprehensive (SI) units package
\l__siunitx_angle_tmp_dim=\dimen185
\l__siunitx_angle_marker_box=\box56
\l__siunitx_angle_unit_box=\box57
\l__siunitx_compound_count_int=\count291
 (d:/texlive/2023/texmf-dist/tex/latex/translations/translations.sty
Package: translations 2022/02/05 v1.12 internationalization of LaTeX2e packages (CN)
 (d:/texlive/2023/texmf-dist/tex/latex/etoolbox/etoolbox.sty
Package: etoolbox 2020/10/05 v2.5k e-TeX tools for LaTeX (JAW)
\etb@tempcnta=\count292
) (d:/texlive/2023/texmf-dist/tex/generic/pdftexcmds/pdftexcmds.sty
Package: pdftexcmds 2020-06-27 v0.33 Utility functions of pdfTeX for LuaTeX (HO)
 (d:/texlive/2023/texmf-dist/tex/generic/infwarerr/infwarerr.sty
Package: infwarerr 2019/12/03 v1.5 Providing info/warning/error messages (HO)
)
Package pdftexcmds Info: \pdf@primitive is available.
Package pdftexcmds Info: \pdf@ifprimitive is available.
Package pdftexcmds Info: \pdfdraftmode found.
))
\l__siunitx_number_exponent_fixed_int=\count293
\l__siunitx_number_min_decimal_int=\count294
\l__siunitx_number_min_integer_int=\count295
\l__siunitx_number_round_precision_int=\count296
\l__siunitx_number_lower_threshold_int=\count297
\l__siunitx_number_upper_threshold_int=\count298
\l__siunitx_number_group_first_int=\count299
\l__siunitx_number_group_size_int=\count300
\l__siunitx_number_group_minimum_int=\count301
\l__siunitx_table_tmp_box=\box58
\l__siunitx_table_tmp_dim=\dimen186
\l__siunitx_table_column_width_dim=\dimen187
\l__siunitx_table_integer_box=\box59
\l__siunitx_table_decimal_box=\box60
\l__siunitx_table_uncert_box=\box61
\l__siunitx_table_before_box=\box62
\l__siunitx_table_after_box=\box63
\l__siunitx_table_before_dim=\dimen188
\l__siunitx_table_carry_dim=\dimen189
\l__siunitx_unit_tmp_int=\count302
\l__siunitx_unit_position_int=\count303
\l__siunitx_unit_total_int=\count304
 (d:/texlive/2023/texmf-dist/tex/latex/tools/array.sty
Package: array 2022/09/04 v2.5g Tabular extension package (FMi)
\col@sep=\dimen190
\ar@mcellbox=\box64
\extrarowheight=\dimen191
\NC@list=\toks34
\extratabsurround=\skip106
\backup@length=\skip107
\ar@cellbox=\box65
)) (d:/texlive/2023/texmf-dist/tex/latex/biblatex/biblatex.sty
Package: biblatex 2023/03/05 v3.19 programmable bibliographies (PK/MW)
 (d:/texlive/2023/texmf-dist/tex/latex/logreq/logreq.sty
Package: logreq 2010/08/04 v1.0 xml request logger
\lrq@indent=\count305
 (d:/texlive/2023/texmf-dist/tex/latex/logreq/logreq.def
File: logreq.def 2010/08/04 v1.0 logreq spec v1.0
)) (d:/texlive/2023/texmf-dist/tex/latex/base/ifthen.sty
Package: ifthen 2022/04/13 v1.1d Standard LaTeX ifthen package (DPC)
)
\c@tabx@nest=\count306
\c@listtotal=\count307
\c@listcount=\count308
\c@liststart=\count309
\c@liststop=\count310
\c@citecount=\count311
\c@citetotal=\count312
\c@multicitecount=\count313
\c@multicitetotal=\count314
\c@instcount=\count315
\c@maxnames=\count316
\c@minnames=\count317
\c@maxitems=\count318
\c@minitems=\count319
\c@citecounter=\count320
\c@maxcitecounter=\count321
\c@savedcitecounter=\count322
\c@uniquelist=\count323
\c@uniquename=\count324
\c@refsection=\count325
\c@refsegment=\count326
\c@maxextratitle=\count327
\c@maxextratitleyear=\count328
\c@maxextraname=\count329
\c@maxextradate=\count330
\c@maxextraalpha=\count331
\c@abbrvpenalty=\count332
\c@highnamepenalty=\count333
\c@lownamepenalty=\count334
\c@maxparens=\count335
\c@parenlevel=\count336
\blx@tempcnta=\count337
\blx@tempcntb=\count338
\blx@tempcntc=\count339
\c@blx@maxsection=\count340
\blx@maxsegment@0=\count341
\blx@notetype=\count342
\blx@parenlevel@text=\count343
\blx@parenlevel@foot=\count344
\blx@sectionciteorder@0=\count345
\blx@sectionciteorderinternal@0=\count346
\blx@entrysetcounter=\count347
\blx@biblioinstance=\count348
\labelnumberwidth=\skip108
\labelalphawidth=\skip109
\biblabelsep=\skip110
\bibitemsep=\skip111
\bibnamesep=\skip112
\bibinitsep=\skip113
\bibparsep=\skip114
\bibhang=\skip115
\blx@bcfin=\read3
\blx@bcfout=\write3
\blx@langwohyphens=\language88
\c@mincomprange=\count349
\c@maxcomprange=\count350
\c@mincompwidth=\count351
Package biblatex Info: Trying to load biblatex default data model...
Package biblatex Info: ... file 'blx-dm.def' found.
 (d:/texlive/2023/texmf-dist/tex/latex/biblatex/blx-dm.def
File: blx-dm.def 2023/03/05 v3.19 biblatex localization (PK/MW)
)
Package biblatex Info: Trying to load biblatex style data model...
Package biblatex Info: ... file 'numeric.dbx' not found.
Package biblatex Info: Trying to load biblatex custom data model...
Package biblatex Info: ... file 'biblatex-dm.cfg' not found.
\c@afterword=\count352
\c@savedafterword=\count353
\c@annotator=\count354
\c@savedannotator=\count355
\c@author=\count356
\c@savedauthor=\count357
\c@bookauthor=\count358
\c@savedbookauthor=\count359
\c@commentator=\count360
\c@savedcommentator=\count361
\c@editor=\count362
\c@savededitor=\count363
\c@editora=\count364
\c@savededitora=\count365
\c@editorb=\count366
\c@savededitorb=\count367
\c@editorc=\count368
\c@savededitorc=\count369
\c@foreword=\count370
\c@savedforeword=\count371
\c@holder=\count372
\c@savedholder=\count373
\c@introduction=\count374
\c@savedintroduction=\count375
\c@namea=\count376
\c@savednamea=\count377
\c@nameb=\count378
\c@savednameb=\count379
\c@namec=\count380
\c@savednamec=\count381
\c@translator=\count382
\c@savedtranslator=\count383
\c@shortauthor=\count384
\c@savedshortauthor=\count385
\c@shorteditor=\count386
\c@savedshorteditor=\count387
\c@labelname=\count388
\c@savedlabelname=\count389
\c@institution=\count390
\c@savedinstitution=\count391
\c@lista=\count392
\c@savedlista=\count393
\c@listb=\count394
\c@savedlistb=\count395
\c@listc=\count396
\c@savedlistc=\count397
\c@listd=\count398
\c@savedlistd=\count399
\c@liste=\count400
\c@savedliste=\count401
\c@listf=\count402
\c@savedlistf=\count403
\c@location=\count404
\c@savedlocation=\count405
\c@organization=\count406
\c@savedorganization=\count407
\c@origlocation=\count408
\c@savedoriglocation=\count409
\c@origpublisher=\count410
\c@savedorigpublisher=\count411
\c@publisher=\count412
\c@savedpublisher=\count413
\c@language=\count414
\c@savedlanguage=\count415
\c@origlanguage=\count416
\c@savedoriglanguage=\count417
\c@pageref=\count418
\c@savedpageref=\count419
\shorthandwidth=\skip116
\shortjournalwidth=\skip117
\shortserieswidth=\skip118
\shorttitlewidth=\skip119
\shortauthorwidth=\skip120
\shorteditorwidth=\skip121
\locallabelnumberwidth=\skip122
\locallabelalphawidth=\skip123
\localshorthandwidth=\skip124
\localshortjournalwidth=\skip125
\localshortserieswidth=\skip126
\localshorttitlewidth=\skip127
\localshortauthorwidth=\skip128
\localshorteditorwidth=\skip129
Package biblatex Info: Trying to load compatibility code...
Package biblatex Info: ... file 'blx-compat.def' found.
 (d:/texlive/2023/texmf-dist/tex/latex/biblatex/blx-compat.def
File: blx-compat.def 2023/03/05 v3.19 biblatex compatibility (PK/MW)
)
Package biblatex Info: Trying to load generic definitions...
Package biblatex Info: ... file 'biblatex.def' found.
 (d:/texlive/2023/texmf-dist/tex/latex/biblatex/biblatex.def
File: biblatex.def 2023/03/05 v3.19 biblatex compatibility (PK/MW)
\c@textcitecount=\count420
\c@textcitetotal=\count421
\c@textcitemaxnames=\count422
\c@biburlbigbreakpenalty=\count423
\c@biburlbreakpenalty=\count424
\c@biburlnumpenalty=\count425
\c@biburlucpenalty=\count426
\c@biburllcpenalty=\count427
\biburlbigskip=\muskip18
\biburlnumskip=\muskip19
\biburlucskip=\muskip20
\biburllcskip=\muskip21
\c@smartand=\count428
)
Package biblatex Info: Trying to load bibliography style 'numeric'...
Package biblatex Info: ... file 'numeric.bbx' found.
 (d:/texlive/2023/texmf-dist/tex/latex/biblatex/bbx/numeric.bbx
File: numeric.bbx 2023/03/05 v3.19 biblatex bibliography style (PK/MW)
Package biblatex Info: Trying to load bibliography style 'standard'...
Package biblatex Info: ... file 'standard.bbx' found.
 (d:/texlive/2023/texmf-dist/tex/latex/biblatex/bbx/standard.bbx
File: standard.bbx 2023/03/05 v3.19 biblatex bibliography style (PK/MW)
\c@bbx:relatedcount=\count429
\c@bbx:relatedtotal=\count430
))
Package biblatex Info: Trying to load citation style 'numeric'...
Package biblatex Info: ... file 'numeric.cbx' found.
 (d:/texlive/2023/texmf-dist/tex/latex/biblatex/cbx/numeric.cbx
File: numeric.cbx 2023/03/05 v3.19 biblatex citation style (PK/MW)
Package biblatex Info: Redefining '\cite'.
Package biblatex Info: Redefining '\parencite'.
Package biblatex Info: Redefining '\footcite'.
Package biblatex Info: Redefining '\footcitetext'.
Package biblatex Info: Redefining '\smartcite'.
Package biblatex Info: Redefining '\supercite'.
Package biblatex Info: Redefining '\textcite'.
Package biblatex Info: Redefining '\textcites'.
Package biblatex Info: Redefining '\cites'.
Package biblatex Info: Redefining '\parencites'.
Package biblatex Info: Redefining '\smartcites'.
)
Package biblatex Info: Trying to load configuration file...
Package biblatex Info: ... file 'biblatex.cfg' found.
 (d:/texlive/2023/texmf-dist/tex/latex/biblatex/biblatex.cfg
File: biblatex.cfg 
)

Package biblatex Warning: 'iso8601' date format specifier is deprecated.
(biblatex)                Use 'iso' instead.

Package biblatex Info: Input encoding 'utf8' detected.
Package biblatex Info: Document encoding is UTF8 ....
(d:/texlive/2023/texmf-dist/tex/latex/l3kernel/expl3.sty
Package: expl3 2023-05-11 L3 programming layer (loader) 
 (d:/texlive/2023/texmf-dist/tex/latex/l3backend/l3backend-pdftex.def
File: l3backend-pdftex.def 2023-04-19 L3 backend support: PDF output (pdfTeX)
\l__color_backend_stack_int=\count431
\l__pdf_internal_box=\box66
))
Package biblatex Info: ... and expl3
(biblatex)             2023-05-11 L3 programming layer (loader) 
(biblatex)             is new enough (at least 2020/04/06),
(biblatex)             setting 'casechanger=expl3'.
 (d:/texlive/2023/texmf-dist/tex/latex/biblatex/blx-case-expl3.sty (d:/texlive/2023/texmf-dist/tex/latex/l3packages/xparse/xparse.sty
Package: xparse 2023-02-02 L3 Experimental document command parser
)
Package: blx-case-expl3 2023/03/05 v3.19 expl3 case changing code for biblatex
)) (d:/texlive/2023/texmf-dist/tex/latex/csquotes/csquotes.sty
Package: csquotes 2022-09-14 v5.2n context-sensitive quotations (JAW)
\csq@reset=\count432
\csq@gtype=\count433
\csq@glevel=\count434
\csq@qlevel=\count435
\csq@maxlvl=\count436
\csq@tshold=\count437
\csq@ltx@everypar=\toks35
 (d:/texlive/2023/texmf-dist/tex/latex/csquotes/csquotes.def
File: csquotes.def 2022-09-14 v5.2n csquotes generic definitions (JAW)
)
Package csquotes Info: Trying to load configuration file 'csquotes.cfg'...
Package csquotes Info: ... configuration file loaded successfully.
 (d:/texlive/2023/texmf-dist/tex/latex/csquotes/csquotes.cfg
File: csquotes.cfg 
))
Package csquotes Info: Redefining alias 'polish' -> 'croatian'.
 (d:/texlive/2023/texmf-dist/tex/latex/psnfss/courier.sty
Package: courier 2020/03/25 PSNFSS-v9.3 (WaS) 
) (d:/texlive/2023/texmf-dist/tex/latex/listings/listings.sty
\lst@mode=\count438
\lst@gtempboxa=\box67
\lst@token=\toks36
\lst@length=\count439
\lst@currlwidth=\dimen192
\lst@column=\count440
\lst@pos=\count441
\lst@lostspace=\dimen193
\lst@width=\dimen194
\lst@newlines=\count442
\lst@lineno=\count443
\lst@maxwidth=\dimen195
 (d:/texlive/2023/texmf-dist/tex/latex/listings/lstmisc.sty
File: lstmisc.sty 2023/02/27 1.9 (Carsten Heinz)
\c@lstnumber=\count444
\lst@skipnumbers=\count445
\lst@framebox=\box68
) (d:/texlive/2023/texmf-dist/tex/latex/listings/listings.cfg
File: listings.cfg 2023/02/27 1.9 listings configuration
))
Package: listings 2023/02/27 1.9 (Carsten Heinz)
 (d:/texlive/2023/texmf-dist/tex/latex/listings/lstlang1.sty
File: lstlang1.sty 2023/02/27 1.9 listings language file
) (d:/texlive/2023/texmf-dist/tex/latex/listings/lstlang2.sty
File: lstlang2.sty 2023/02/27 1.9 listings language file
) (d:/texlive/2023/texmf-dist/tex/latex/listings/lstlang3.sty
File: lstlang3.sty 2023/02/27 1.9 listings language file
) (d:/texlive/2023/texmf-dist/tex/latex/tools/tabularx.sty
Package: tabularx 2020/01/15 v2.11c `tabularx' package (DPC)
\TX@col@width=\dimen196
\TX@old@table=\dimen197
\TX@old@col=\dimen198
\TX@target=\dimen199
\TX@delta=\dimen256
\TX@cols=\count446
\TX@ftn=\toks37
) (d:/texlive/2023/texmf-dist/tex/latex/multirow/multirow.sty
Package: multirow 2021/03/15 v2.8 Span multiple rows of a table
\multirow@colwidth=\skip130
\multirow@cntb=\count447
\multirow@dima=\skip131
\bigstrutjot=\dimen257
) (d:/texlive/2023/texmf-dist/tex/latex/booktabs/booktabs.sty
Package: booktabs 2020/01/12 v1.61803398 Publication quality tables
\heavyrulewidth=\dimen258
\lightrulewidth=\dimen259
\cmidrulewidth=\dimen260
\belowrulesep=\dimen261
\belowbottomsep=\dimen262
\aboverulesep=\dimen263
\abovetopsep=\dimen264
\cmidrulesep=\dimen265
\cmidrulekern=\dimen266
\defaultaddspace=\dimen267
\@cmidla=\count448
\@cmidlb=\count449
\@aboverulesep=\dimen268
\@belowrulesep=\dimen269
\@thisruleclass=\count450
\@lastruleclass=\count451
\@thisrulewidth=\dimen270
) (d:/texlive/2023/texmf-dist/tex/latex/makecell/makecell.sty
Package: makecell 2009/08/03 V0.1e Managing of Tab Column Heads and Cells
\rotheadsize=\dimen271
\c@nlinenum=\count452
\TeXr@lab=\toks38
) (d:/texlive/2023/texmf-dist/tex/latex/threeparttable/threeparttable.sty
Package: threeparttable 2003/06/13  v 3.0
\@tempboxb=\box69
)
\descriptiondashgap=\skip132
\eqwheremargin=\skip133
) (d:/texlive/2023/texmf-dist/tex/luatex/luatexbase/luatexbase.sty
Package: luatexbase 2015/10/04 v1.3 luatexbase interface to LuaTeX 
 (d:/texlive/2023/texmf-dist/tex/luatex/ctablestack/ctablestack.sty
Package: ctablestack 2015/10/01 v1.0 Catcode table stable support
 (d:/texlive/2023/texmf-dist/tex/latex/base/ltluatex.tex
File: ltluatex.tex 2022/10/03 v1.2a LuaTeX support for plain TeX (core) 

d:/texlive/2023/texmf-dist/tex/latex/base/ltluatex.tex:55: Undefined control sequence.
l.55 \ifnum\luatexversion
                         <60 %
The control sequence at the end of the top line
of your error message was never \def'ed. If you have
misspelled it (e.g., `\hobx'), type `I' and the correct
spelling (e.g., `I\hbox'). Otherwise just continue,
and I'll forget about whatever was undefined.

d:/texlive/2023/texmf-dist/tex/latex/base/ltluatex.tex:55: Missing number, treated as zero.
<to be read again> 
                   <
l.55 \ifnum\luatexversion<
                          60 %
A number should have been here; I inserted `0'.
(If you can't figure out why I needed to see a number,
look up `weird error' in the index to The TeXbook.)

***************************************************
* LuaTeX version too old for ltluatex support *
***************************************************
)
\@catcodetablestackcnt=\count453
)
d:/texlive/2023/texmf-dist/tex/luatex/luatexbase/luatexbase.sty:31: Undefined control sequence.
l.31 \newcatcodetable
                     \CatcodeTableOther
The control sequence at the end of the top line
of your error message was never \def'ed. If you have
misspelled it (e.g., `\hobx'), type `I' and the correct
spelling (e.g., `I\hbox'). Otherwise just continue,
and I'll forget about whatever was undefined.

d:/texlive/2023/texmf-dist/tex/luatex/luatexbase/luatexbase.sty:31: Undefined control sequence.
l.31 \newcatcodetable\CatcodeTableOther
                                       
The control sequence at the end of the top line
of your error message was never \def'ed. If you have
misspelled it (e.g., `\hobx'), type `I' and the correct
spelling (e.g., `I\hbox'). Otherwise just continue,
and I'll forget about whatever was undefined.

d:/texlive/2023/texmf-dist/tex/luatex/luatexbase/luatexbase.sty:34: Undefined control sequence.
<argument> \catcodetable 
                         \CatcodeTableString \catcode 32 12 
l.34   \catcode32 12 }
                      
The control sequence at the end of the top line
of your error message was never \def'ed. If you have
misspelled it (e.g., `\hobx'), type `I' and the correct
spelling (e.g., `I\hbox'). Otherwise just continue,
and I'll forget about whatever was undefined.

d:/texlive/2023/texmf-dist/tex/luatex/luatexbase/luatexbase.sty:34: Undefined control sequence.
<argument> \catcodetable \CatcodeTableString 
                                             \catcode 32 12 
l.34   \catcode32 12 }
                      
The control sequence at the end of the top line
of your error message was never \def'ed. If you have
misspelled it (e.g., `\hobx'), type `I' and the correct
spelling (e.g., `I\hbox'). Otherwise just continue,
and I'll forget about whatever was undefined.

d:/texlive/2023/texmf-dist/tex/luatex/luatexbase/luatexbase.sty:34: Undefined control sequence.
\@setcatcodetable ...gingroup #2\savecatcodetable 
                                                  #1\endgroup 
l.34   \catcode32 12 }
                      
The control sequence at the end of the top line
of your error message was never \def'ed. If you have
misspelled it (e.g., `\hobx'), type `I' and the correct
spelling (e.g., `I\hbox'). Otherwise just continue,
and I'll forget about whatever was undefined.

d:/texlive/2023/texmf-dist/tex/luatex/luatexbase/luatexbase.sty:34: Undefined control sequence.
<argument> \CatcodeTableOther 
                              
l.34   \catcode32 12 }
                      
The control sequence at the end of the top line
of your error message was never \def'ed. If you have
misspelled it (e.g., `\hobx'), type `I' and the correct
spelling (e.g., `I\hbox'). Otherwise just continue,
and I'll forget about whatever was undefined.

d:/texlive/2023/texmf-dist/tex/luatex/luatexbase/luatexbase.sty:35: Undefined control sequence.
l.35 \newcatcodetable
                     \CatcodeTableExpl
The control sequence at the end of the top line
of your error message was never \def'ed. If you have
misspelled it (e.g., `\hobx'), type `I' and the correct
spelling (e.g., `I\hbox'). Otherwise just continue,
and I'll forget about whatever was undefined.

d:/texlive/2023/texmf-dist/tex/luatex/luatexbase/luatexbase.sty:35: Undefined control sequence.
l.35 \newcatcodetable\CatcodeTableExpl
                                      
The control sequence at the end of the top line
of your error message was never \def'ed. If you have
misspelled it (e.g., `\hobx'), type `I' and the correct
spelling (e.g., `I\hbox'). Otherwise just continue,
and I'll forget about whatever was undefined.

d:/texlive/2023/texmf-dist/tex/luatex/luatexbase/luatexbase.sty:43: Undefined control sequence.
<argument> \catcodetable 
                         \CatcodeTableLaTeX \catcode 126 10 \catcode 32 9 \c...
l.43 }
      
The control sequence at the end of the top line
of your error message was never \def'ed. If you have
misspelled it (e.g., `\hobx'), type `I' and the correct
spelling (e.g., `I\hbox'). Otherwise just continue,
and I'll forget about whatever was undefined.

d:/texlive/2023/texmf-dist/tex/luatex/luatexbase/luatexbase.sty:43: Undefined control sequence.
<argument> \catcodetable \CatcodeTableLaTeX 
                                            \catcode 126 10 \catcode 32 9 \c...
l.43 }
      
The control sequence at the end of the top line
of your error message was never \def'ed. If you have
misspelled it (e.g., `\hobx'), type `I' and the correct
spelling (e.g., `I\hbox'). Otherwise just continue,
and I'll forget about whatever was undefined.

d:/texlive/2023/texmf-dist/tex/luatex/luatexbase/luatexbase.sty:43: Undefined control sequence.
\@setcatcodetable ...gingroup #2\savecatcodetable 
                                                  #1\endgroup 
l.43 }
      
The control sequence at the end of the top line
of your error message was never \def'ed. If you have
misspelled it (e.g., `\hobx'), type `I' and the correct
spelling (e.g., `I\hbox'). Otherwise just continue,
and I'll forget about whatever was undefined.

d:/texlive/2023/texmf-dist/tex/luatex/luatexbase/luatexbase.sty:43: Undefined control sequence.
<argument> \CatcodeTableExpl 
                             
l.43 }
      
The control sequence at the end of the top line
of your error message was never \def'ed. If you have
misspelled it (e.g., `\hobx'), type `I' and the correct
spelling (e.g., `I\hbox'). Otherwise just continue,
and I'll forget about whatever was undefined.

d:/texlive/2023/texmf-dist/tex/luatex/luatexbase/luatexbase.sty:53: Undefined control sequence.
l.53 \directlua
               {
The control sequence at the end of the top line
of your error message was never \def'ed. If you have
misspelled it (e.g., `\hobx'), type `I' and the correct
spelling (e.g., `I\hbox'). Otherwise just continue,
and I'll forget about whatever was undefined.


d:/texlive/2023/texmf-dist/tex/luatex/luatexbase/luatexbase.sty:54: LaTeX Error: Missing \begin{document}.

See the LaTeX manual or LaTeX Companion for explanation.
Type  H <return>  for immediate help.
 ...                                              
                                                  
l.54 f
      unction luatexbase.reset_callback(name,make_false)
You're in trouble here.  Try typing  <return>  to proceed.
If that doesn't work, type  X <return>  to quit.

d:/texlive/2023/texmf-dist/tex/luatex/luatexbase/luatexbase.sty:54: Missing $ inserted.
<inserted text> 
                $
l.54 function luatexbase.reset_
                               callback(name,make_false)
I've inserted a begin-math/end-math symbol since I think
you left one out. Proceed, with fingers crossed.

LaTeX Font Info:    Trying to load font information for U+msa on input line 54.
(d:/texlive/2023/texmf-dist/tex/latex/amsfonts/umsa.fd
File: umsa.fd 2013/01/14 v3.01 AMS symbols A
)
LaTeX Font Info:    Trying to load font information for U+msb on input line 54.
 (d:/texlive/2023/texmf-dist/tex/latex/amsfonts/umsb.fd
File: umsb.fd 2013/01/14 v3.01 AMS symbols B
)
d:/texlive/2023/texmf-dist/tex/luatex/luatexbase/luatexbase.sty:90: Undefined control sequence.
l.90 ...kage'] = \number\CatcodeTableLaTeXAtLetter
                                                  ,
The control sequence at the end of the top line
of your error message was never \def'ed. If you have
misspelled it (e.g., `\hobx'), type `I' and the correct
spelling (e.g., `I\hbox'). Otherwise just continue,
and I'll forget about whatever was undefined.

d:/texlive/2023/texmf-dist/tex/luatex/luatexbase/luatexbase.sty:90: Missing number, treated as zero.
<to be read again> 
                   ,
l.90 ...age'] = \number\CatcodeTableLaTeXAtLetter,
                                                  
A number should have been here; I inserted `0'.
(If you can't figure out why I needed to see a number,
look up `weird error' in the index to The TeXbook.)

d:/texlive/2023/texmf-dist/tex/luatex/luatexbase/luatexbase.sty:91: Undefined control sequence.
l.91   ini    = \number\CatcodeTableIniTeX
                                          ,
The control sequence at the end of the top line
of your error message was never \def'ed. If you have
misspelled it (e.g., `\hobx'), type `I' and the correct
spelling (e.g., `I\hbox'). Otherwise just continue,
and I'll forget about whatever was undefined.

d:/texlive/2023/texmf-dist/tex/luatex/luatexbase/luatexbase.sty:91: Missing number, treated as zero.
<to be read again> 
                   ,
l.91   ini    = \number\CatcodeTableIniTeX,
                                           
A number should have been here; I inserted `0'.
(If you can't figure out why I needed to see a number,
look up `weird error' in the index to The TeXbook.)

d:/texlive/2023/texmf-dist/tex/luatex/luatexbase/luatexbase.sty:92: Undefined control sequence.
l.92   string = \number\CatcodeTableString
                                          ,
The control sequence at the end of the top line
of your error message was never \def'ed. If you have
misspelled it (e.g., `\hobx'), type `I' and the correct
spelling (e.g., `I\hbox'). Otherwise just continue,
and I'll forget about whatever was undefined.

d:/texlive/2023/texmf-dist/tex/luatex/luatexbase/luatexbase.sty:92: Missing number, treated as zero.
<to be read again> 
                   ,
l.92   string = \number\CatcodeTableString,
                                           
A number should have been here; I inserted `0'.
(If you can't figure out why I needed to see a number,
look up `weird error' in the index to The TeXbook.)

d:/texlive/2023/texmf-dist/tex/luatex/luatexbase/luatexbase.sty:93: Undefined control sequence.
l.93   other  = \number\CatcodeTableOther
                                         ,
The control sequence at the end of the top line
of your error message was never \def'ed. If you have
misspelled it (e.g., `\hobx'), type `I' and the correct
spelling (e.g., `I\hbox'). Otherwise just continue,
and I'll forget about whatever was undefined.

d:/texlive/2023/texmf-dist/tex/luatex/luatexbase/luatexbase.sty:93: Missing number, treated as zero.
<to be read again> 
                   ,
l.93   other  = \number\CatcodeTableOther,
                                          
A number should have been here; I inserted `0'.
(If you can't figure out why I needed to see a number,
look up `weird error' in the index to The TeXbook.)

d:/texlive/2023/texmf-dist/tex/luatex/luatexbase/luatexbase.sty:94: Undefined control sequence.
l.94   latex  = \number\CatcodeTableLaTeX
                                         ,
The control sequence at the end of the top line
of your error message was never \def'ed. If you have
misspelled it (e.g., `\hobx'), type `I' and the correct
spelling (e.g., `I\hbox'). Otherwise just continue,
and I'll forget about whatever was undefined.

d:/texlive/2023/texmf-dist/tex/luatex/luatexbase/luatexbase.sty:94: Missing number, treated as zero.
<to be read again> 
                   ,
l.94   latex  = \number\CatcodeTableLaTeX,
                                          
A number should have been here; I inserted `0'.
(If you can't figure out why I needed to see a number,
look up `weird error' in the index to The TeXbook.)

d:/texlive/2023/texmf-dist/tex/luatex/luatexbase/luatexbase.sty:95: Undefined control sequence.
l.95   expl   = \number\CatcodeTableExpl
                                        ,
The control sequence at the end of the top line
of your error message was never \def'ed. If you have
misspelled it (e.g., `\hobx'), type `I' and the correct
spelling (e.g., `I\hbox'). Otherwise just continue,
and I'll forget about whatever was undefined.

d:/texlive/2023/texmf-dist/tex/luatex/luatexbase/luatexbase.sty:95: Missing number, treated as zero.
<to be read again> 
                   ,
l.95   expl   = \number\CatcodeTableExpl,
                                         
A number should have been here; I inserted `0'.
(If you can't figure out why I needed to see a number,
look up `weird error' in the index to The TeXbook.)

d:/texlive/2023/texmf-dist/tex/luatex/luatexbase/luatexbase.sty:96: Undefined control sequence.
l.96   expl3  = \number\CatcodeTableExpl
                                        },
The control sequence at the end of the top line
of your error message was never \def'ed. If you have
misspelled it (e.g., `\hobx'), type `I' and the correct
spelling (e.g., `I\hbox'). Otherwise just continue,
and I'll forget about whatever was undefined.

d:/texlive/2023/texmf-dist/tex/luatex/luatexbase/luatexbase.sty:96: Missing number, treated as zero.
<to be read again> 
                   }
l.96   expl3  = \number\CatcodeTableExpl}
                                         ,
A number should have been here; I inserted `0'.
(If you can't figure out why I needed to see a number,
look up `weird error' in the index to The TeXbook.)

d:/texlive/2023/texmf-dist/tex/luatex/luatexbase/luatexbase.sty:97: Missing { inserted.
<to be read again> 
                   _
l.97  { __
          index = function(t,key)
A left brace was mandatory here, so I've put one in.
You might want to delete and/or insert some corrections
so that I will find a matching right brace soon.
(If you're confused by all this, try typing `I}' now.)

d:/texlive/2023/texmf-dist/tex/luatex/luatexbase/luatexbase.sty:101: Undefined control sequence.
l.101 \ifnum\luatexversion
                          <80 %
The control sequence at the end of the top line
of your error message was never \def'ed. If you have
misspelled it (e.g., `\hobx'), type `I' and the correct
spelling (e.g., `I\hbox'). Otherwise just continue,
and I'll forget about whatever was undefined.

d:/texlive/2023/texmf-dist/tex/luatex/luatexbase/luatexbase.sty:101: Missing number, treated as zero.
<to be read again> 
                   <
l.101 \ifnum\luatexversion<
                           80 %
A number should have been here; I inserted `0'.
(If you can't figure out why I needed to see a number,
look up `weird error' in the index to The TeXbook.)

d:/texlive/2023/texmf-dist/tex/luatex/luatexbase/luatexbase.sty:111: Undefined control sequence.
l.111 \directlua
                {
The control sequence at the end of the top line
of your error message was never \def'ed. If you have
misspelled it (e.g., `\hobx'), type `I' and the correct
spelling (e.g., `I\hbox'). Otherwise just continue,
and I'll forget about whatever was undefined.

d:/texlive/2023/texmf-dist/tex/luatex/luatexbase/luatexbase.sty:135: Undefined control sequence.
l.135 \ifnum\luatexversion
                          <80 %
The control sequence at the end of the top line
of your error message was never \def'ed. If you have
misspelled it (e.g., `\hobx'), type `I' and the correct
spelling (e.g., `I\hbox'). Otherwise just continue,
and I'll forget about whatever was undefined.

d:/texlive/2023/texmf-dist/tex/luatex/luatexbase/luatexbase.sty:135: Missing number, treated as zero.
<to be read again> 
                   <
l.135 \ifnum\luatexversion<
                           80 %
A number should have been here; I inserted `0'.
(If you can't figure out why I needed to see a number,
look up `weird error' in the index to The TeXbook.)

d:/texlive/2023/texmf-dist/tex/luatex/luatexbase/luatexbase.sty:147: Undefined control sequence.
l.147 \directlua
                {%
The control sequence at the end of the top line
of your error message was never \def'ed. If you have
misspelled it (e.g., `\hobx'), type `I' and the correct
spelling (e.g., `I\hbox'). Otherwise just continue,
and I'll forget about whatever was undefined.

d:/texlive/2023/texmf-dist/tex/luatex/luatexbase/luatexbase.sty:158: Missing { inserted.
<to be read again> 
                   _
l.158 local unassociated      = "__
                                   unassociated"
A left brace was mandatory here, so I've put one in.
You might want to delete and/or insert some corrections
so that I will find a matching right brace soon.
(If you're confused by all this, try typing `I}' now.)

d:/texlive/2023/texmf-dist/tex/luatex/luatexbase/luatexbase.sty:159: Missing { inserted.
<to be read again> 
                   _
l.159 local user_whatsits       = {  __
                                       unassociated = { } }
A left brace was mandatory here, so I've put one in.
You might want to delete and/or insert some corrections
so that I will find a matching right brace soon.
(If you're confused by all this, try typing `I}' now.)

d:/texlive/2023/texmf-dist/tex/luatex/luatexbase/luatexbase.sty:175: Missing $ inserted.
<inserted text> 
                $
l.175 
      
I've inserted a begin-math/end-math symbol since I think
you left one out. Proceed, with fingers crossed.

d:/texlive/2023/texmf-dist/tex/luatex/luatexbase/luatexbase.sty:175: Missing } inserted.
<inserted text> 
                }
l.175 
      
I've inserted something that you may have forgotten.
(See the <inserted text> above.)
With luck, this will get me unwedged. But if you
really didn't forget anything, try typing `2' now; then
my insertion and my current dilemma will both disappear.

d:/texlive/2023/texmf-dist/tex/luatex/luatexbase/luatexbase.sty:175: Missing } inserted.
<inserted text> 
                }
l.175 
      
I've inserted something that you may have forgotten.
(See the <inserted text> above.)
With luck, this will get me unwedged. But if you
really didn't forget anything, try typing `2' now; then
my insertion and my current dilemma will both disappear.

d:/texlive/2023/texmf-dist/tex/luatex/luatexbase/luatexbase.sty:175: Missing } inserted.
<inserted text> 
                }
l.175 
      
I've inserted something that you may have forgotten.
(See the <inserted text> above.)
With luck, this will get me unwedged. But if you
really didn't forget anything, try typing `2' now; then
my insertion and my current dilemma will both disappear.


Overfull \hbox (491.29855pt too wide) in paragraph at lines 54--175
[]\T1/ptm/m/n/12 function luatexbase.reset$[]\OML/cmm/m/it/12 allback\OT1/cmr/m/n/12 (\OML/cmm/m/it/12 name; make[]alse\OT1/cmr/m/n/12 )\OML/cmm/m/it/12 for[]vinpairs\OT1/cmr/m/n/12 (\OML/cmm/m/it/12 luatexbase:callback[]escriptions\OT1/cmr/m/n/12 (\OML/cmm/m/it/12 name\OT1/cmr/m/n/12 ))\OML/cmm/m/it/12 doluatexbase:remove[]rom[]allback\OT1/cmr/m/n/12 (\OML/cmm/m/it/12 name; v\OT1/cmr/m/n/12 )\OML/cmm/m/it/12 endifmake[]alse \OT1/cmr/m/n/12 ==
 []


Overfull \hbox (25.73029pt too wide) in paragraph at lines 54--175
\OML/cmm/m/it/12 truethenluatexbase:disable[]allback\OT1/cmr/m/n/12 (\OML/cmm/m/it/12 name\OT1/cmr/m/n/12 )\OML/cmm/m/it/12 endendluatexbase:base[]dd[]o[]allback \OT1/cmr/m/n/12 =
 []


Overfull \hbox (162.4312pt too wide) in paragraph at lines 54--175
\OML/cmm/m/it/12 luatexbase:add[]o[]allbackfunctionluatexbase:add[]o[]allback\OT1/cmr/m/n/12 (\OML/cmm/m/it/12 name; fun; description; priority\OT1/cmr/m/n/12 )\OML/cmm/m/it/12 localpriority \OT1/cmr/m/n/12 =
 []


Underfull \hbox (badness 10000) in paragraph at lines 54--175
\OML/cmm/m/it/12 priorityifpriority \OT1/cmr/m/n/12 == \OML/cmm/m/it/12 nilthenpriority \OT1/cmr/m/n/12 =
 []


Overfull \hbox (53.63336pt too wide) in paragraph at lines 54--175
\OT1/cmr/m/n/12 #\OML/cmm/m/it/12 luatexbase:callback[]escriptions\OT1/cmr/m/n/12 (\OML/cmm/m/it/12 name\OT1/cmr/m/n/12 ) + 1\OML/cmm/m/it/12 endif\OT1/cmr/m/n/12 (\OML/cmm/m/it/12 luatexbase:callbacktypes\OT1/cmr/m/n/12 [\OML/cmm/m/it/12 name\OT1/cmr/m/n/12 ] ==
 []


Underfull \hbox (badness 7238) in paragraph at lines 54--175
\OT1/cmr/m/n/12 3\OML/cmm/m/it/12 andpriority \OT1/cmr/m/n/12 == 1\OML/cmm/m/it/12 and\OT1/cmr/m/n/12 #\OML/cmm/m/it/12 luatexbase:callback[]escriptions\OT1/cmr/m/n/12 (\OML/cmm/m/it/12 name\OT1/cmr/m/n/12 ) ==
 []


Overfull \hbox (9.94527pt too wide) in paragraph at lines 54--175
\OT1/cmr/m/n/12 1)\OML/cmm/m/it/12 thenluatexbase:module[]arning\OT1/cmr/m/n/12 ("\OML/cmm/m/it/12 luatexbase\OT1/cmr/m/n/12 "\OML/cmm/m/it/12 ; \OT1/cmr/m/n/12 "\OML/cmm/m/it/12 resettingexclusivecallback \OT1/cmr/m/n/12 :
 []


Underfull \hbox (badness 10000) in paragraph at lines 54--175
\OT1/cmr/m/n/12 "\OML/cmm/m/it/12 ::name\OT1/cmr/m/n/12 )\OML/cmm/m/it/12 luatexbase:reset[]allback\OT1/cmr/m/n/12 (\OML/cmm/m/it/12 name\OT1/cmr/m/n/12 )\OML/cmm/m/it/12 endlocalsaved[]allback \OT1/cmr/m/n/12 =
 []


Underfull \hbox (badness 10000) in paragraph at lines 54--175
[]\OML/cmm/m/it/12 ; ff; ddfork; vinpairs\OT1/cmr/m/n/12 (\OML/cmm/m/it/12 luatexbase:callback[]escriptions\OT1/cmr/m/n/12 (\OML/cmm/m/it/12 name\OT1/cmr/m/n/12 ))\OML/cmm/m/it/12 doifk >\OT1/cmr/m/n/12 =
 []


Overfull \hbox (30.92506pt too wide) in paragraph at lines 54--175
\OML/cmm/m/it/12 prioritythenff; dd \OT1/cmr/m/n/12 = \OML/cmm/m/it/12 luatexbase:remove[]rom[]allback\OT1/cmr/m/n/12 (\OML/cmm/m/it/12 name; v\OT1/cmr/m/n/12 )\OML/cmm/m/it/12 saved[]allback\OT1/cmr/m/n/12 [\OML/cmm/m/it/12 k\OT1/cmr/m/n/12 ] =
 []


Overfull \hbox (562.66951pt too wide) in paragraph at lines 54--175
[]\OML/cmm/m/it/12 endendluatexbase:base[]dd[]o[]allback\OT1/cmr/m/n/12 (\OML/cmm/m/it/12 name; fun; description\OT1/cmr/m/n/12 )\OML/cmm/m/it/12 fork; vinpairs\OT1/cmr/m/n/12 (\OML/cmm/m/it/12 saved[]allback\OT1/cmr/m/n/12 )\OML/cmm/m/it/12 doluatexbase:base[]dd[]o[]allback\OT1/cmr/m/n/12 (\OML/cmm/m/it/12 name; v\OT1/cmr/m/n/12 [1]\OML/cmm/m/it/12 ; v\OT1/cmr/m/n/12 [2])\OML/cmm/m/it/12 endreturnendluatexbase:catcodetables \OT1/cmr/m/n/12 =
 []


Overfull \hbox (7700.58456pt too wide) in paragraph at lines 54--175
\OML/cmm/m/it/12 setmetatable\OT1/cmr/m/n/12 ([]\OML/cmm/m/it/12 ; [][][]$ 
 []


d:/texlive/2023/texmf-dist/tex/luatex/luatexbase/luatexbase.sty:176: LaTeX Error: Missing \begin{document}.

See the LaTeX manual or LaTeX Companion for explanation.
Type  H <return>  for immediate help.
 ...                                              
                                                  
l.176     l
           ocal whatsitdata = user_whatsits[package]
You're in trouble here.  Try typing  <return>  to proceed.
If that doesn't work, type  X <return>  to quit.

d:/texlive/2023/texmf-dist/tex/luatex/luatexbase/luatexbase.sty:176: Missing $ inserted.
<inserted text> 
                $
l.176     local whatsitdata = user_
                                   whatsits[package]
I've inserted a begin-math/end-math symbol since I think
you left one out. Proceed, with fingers crossed.

d:/texlive/2023/texmf-dist/tex/luatex/luatexbase/luatexbase.sty:181: Missing $ inserted.
<inserted text> 
                $
l.181 
      
I've inserted a begin-math/end-math symbol since I think
you left one out. Proceed, with fingers crossed.


Overfull \hbox (19.01616pt too wide) in paragraph at lines 176--181
[]\T1/ptm/m/n/12 local what-sit-da-ta = user$[]\OML/cmm/m/it/12 hatsits\OT1/cmr/m/n/12 [\OML/cmm/m/it/12 package\OT1/cmr/m/n/12 ]\OML/cmm/m/it/12 ifnotwhatsitdatathenwhatsitdata \OT1/cmr/m/n/12 =
 []


d:/texlive/2023/texmf-dist/tex/luatex/luatexbase/luatexbase.sty:182: LaTeX Error: Missing \begin{document}.

See the LaTeX manual or LaTeX Companion for explanation.
Type  H <return>  for immediate help.
 ...                                              
                                                  
l.182     l
           ocal id = whatsitdata[name]
You're in trouble here.  Try typing  <return>  to proceed.
If that doesn't work, type  X <return>  to quit.

d:/texlive/2023/texmf-dist/tex/luatex/luatexbase/luatexbase.sty:187: Missing $ inserted.
<inserted text> 
                $
l.187         id=luatexbase.new_
                                whatsit(name)
I've inserted a begin-math/end-math symbol since I think
you left one out. Proceed, with fingers crossed.

d:/texlive/2023/texmf-dist/tex/luatex/luatexbase/luatexbase.sty:286: Extra }, or forgotten $.
l.286 }
       
I've deleted a group-closing symbol because it seems to be
spurious, as in `$x}$'. But perhaps the } is legitimate and
you forgot something else, as in `\hbox{$x}'. In such cases
the way to recover is to insert both the forgotten and the
deleted material, e.g., by typing `I$}'.

) (d:/texlive/2023/texmf-dist/tex/lualatex/luacode/luacode.sty
Package: luacode 2012/01/23 v1.2a lua-in-tex helpers (mpg)
 (d:/texlive/2023/texmf-dist/tex/generic/iftex/ifluatex.sty
d:/texlive/2023/texmf-dist/tex/generic/iftex/ifluatex.sty:2: Missing $ inserted.
<inserted text> 
                $
l.2 
    
I've inserted a begin-math/end-math symbol since I think
you left one out. Proceed, with fingers crossed.


Underfull \hbox (badness 10000) in paragraph at lines 182--2
[]\T1/ptm/m/n/12 local id = what-sit-da-ta[name] if id then war-
 []


Underfull \hbox (badness 10000) in paragraph at lines 182--2
\T1/ptm/m/n/12 ning("replacing what-sit %s:%s (%d)", pac-ka-ge, na-me, id) el-se
 []


Underfull \hbox (badness 10000) in paragraph at lines 182--2
[]\OML/cmm/m/it/12 endreturnidendluatexbase:new[]ser[]hatsit[]d \OT1/cmr/m/n/12 =
 []


Overfull \hbox (99.2763pt too wide) in paragraph at lines 182--2
\OML/cmm/m/it/12 new[]ser[]hatsit[]dlocalnew[]ser[]hatsit \OT1/cmr/m/n/12 = \OML/cmm/m/it/12 function\OT1/cmr/m/n/12 (\OML/cmm/m/it/12 req; package\OT1/cmr/m/n/12 )\OML/cmm/m/it/12 localid; whatsitiftype\OT1/cmr/m/n/12 (\OML/cmm/m/it/12 req\OT1/cmr/m/n/12 ) ==
 []


Underfull \hbox (badness 10000) in paragraph at lines 182--2
\OT1/cmr/m/n/12 "\OML/cmm/m/it/12 string\OT1/cmr/m/n/12 "\OML/cmm/m/it/12 thenid \OT1/cmr/m/n/12 = \OML/cmm/m/it/12 new[]ser[]hatsit[]d\OT1/cmr/m/n/12 (\OML/cmm/m/it/12 req; package\OT1/cmr/m/n/12 )\OML/cmm/m/it/12 whatsit \OT1/cmr/m/n/12 =
 []


Underfull \hbox (badness 4713) in paragraph at lines 182--2
\OML/cmm/m/it/12 newnode\OT1/cmr/m/n/12 (\OML/cmm/m/it/12 whatsit[]; user[]efined[]\OT1/cmr/m/n/12 )\OML/cmm/m/it/12 whatsit:user[]d \OT1/cmr/m/n/12 = \OML/cmm/m/it/12 idelseifreq:id \OT1/cmr/m/n/12 ==
 []


Overfull \hbox (634.70357pt too wide) in paragraph at lines 182--2
\OML/cmm/m/it/12 copynode\OT1/cmr/m/n/12 (\OML/cmm/m/it/12 req\OT1/cmr/m/n/12 )\OML/cmm/m/it/12 ifnotwhatsit[]ds\OT1/cmr/m/n/12 [\OML/cmm/m/it/12 id\OT1/cmr/m/n/12 ]\OML/cmm/m/it/12 thenwarning\OT1/cmr/m/n/12 ("\OML/cmm/m/it/12 whatsitid\OT1/cmr/m/n/12 %\OML/cmm/m/it/12 dunregistered\OT1/cmr/m/n/12 ; "\OML/cmm/m/it/12 ::\OT1/cmr/m/n/12 "\OML/cmm/m/it/12 inconsistenciesmayarise\OT1/cmr/m/n/12 "\OML/cmm/m/it/12 ; id\OT1/cmr/m/n/12 )\OML/cmm/m/it/12 endendreturnfunction\OT1/cmr/m/n/12 ()\OML/cmm/m/it/12 returncopynode\OT1/cmr/m/n/12 (\OML/cmm/m/it/12 whatsit\OT1/cmr/m/n/12 )\OML/cmm/m/it/12 end; idendluatexbase:new[]ser[]hatsit \OT1/cmr/m/n/12 =
 []


Overfull \hbox (93.15315pt too wide) in paragraph at lines 182--2
\OML/cmm/m/it/12 new[]ser[]hatsitlocalget[]ser[]hatsit[]d \OT1/cmr/m/n/12 = \OML/cmm/m/it/12 function\OT1/cmr/m/n/12 (\OML/cmm/m/it/12 name; package\OT1/cmr/m/n/12 )\OML/cmm/m/it/12 ifnotpackagethenpackage \OT1/cmr/m/n/12 =
 []


Overfull \hbox (54.50162pt too wide) in paragraph at lines 182--2
\OML/cmm/m/it/12 unassociatedendreturnuser[]hatsits\OT1/cmr/m/n/12 [\OML/cmm/m/it/12 package\OT1/cmr/m/n/12 ][\OML/cmm/m/it/12 name\OT1/cmr/m/n/12 ]\OML/cmm/m/it/12 endluatexbase:get[]ser[]hatsit[]d \OT1/cmr/m/n/12 =
 []


Underfull \hbox (badness 10000) in paragraph at lines 182--2
\OML/cmm/m/it/12 get[]ser[]hatsit[]dlocalget[]ser[]hatsit[]ame \OT1/cmr/m/n/12 =
 []


Underfull \hbox (badness 10000) in paragraph at lines 182--2
\OML/cmm/m/it/12 function\OT1/cmr/m/n/12 (\OML/cmm/m/it/12 asked\OT1/cmr/m/n/12 )\OML/cmm/m/it/12 localidiftype\OT1/cmr/m/n/12 (\OML/cmm/m/it/12 asked\OT1/cmr/m/n/12 ) == "\OML/cmm/m/it/12 number\OT1/cmr/m/n/12 "\OML/cmm/m/it/12 thenid \OT1/cmr/m/n/12 =
 []


Underfull \hbox (badness 10000) in paragraph at lines 182--2
\OML/cmm/m/it/12 askedelseiftype\OT1/cmr/m/n/12 (\OML/cmm/m/it/12 asked\OT1/cmr/m/n/12 ) == "\OML/cmm/m/it/12 function\OT1/cmr/m/n/12 "\OML/cmm/m/it/12 thenlocaln \OT1/cmr/m/n/12 =
 []


Underfull \hbox (badness 6364) in paragraph at lines 182--2
\OML/cmm/m/it/12 asked\OT1/cmr/m/n/12 ()\OML/cmm/m/it/12 id \OT1/cmr/m/n/12 = \OML/cmm/m/it/12 n:user[]delseid \OT1/cmr/m/n/12 = \OML/cmm/m/it/12 asked:user[]dendlocalmetadata \OT1/cmr/m/n/12 =
 []


Overfull \hbox (559.34424pt too wide) in paragraph at lines 182--2
\OML/cmm/m/it/12 whatsit[]ds\OT1/cmr/m/n/12 [\OML/cmm/m/it/12 id\OT1/cmr/m/n/12 ]\OML/cmm/m/it/12 ifnotmetadatathenwarning\OT1/cmr/m/n/12 ("\OML/cmm/m/it/12 whatsitid\OT1/cmr/m/n/12 %\OML/cmm/m/it/12 dunregistered\OT1/cmr/m/n/12 ; \OML/cmm/m/it/12 inconsistenciesmayarise\OT1/cmr/m/n/12 "\OML/cmm/m/it/12 ; id\OT1/cmr/m/n/12 )\OML/cmm/m/it/12 return\OT1/cmr/m/n/12 ""\OML/cmm/m/it/12 ; \OT1/cmr/m/n/12 ""\OML/cmm/m/it/12 endreturntableunpack\OT1/cmr/m/n/12 (\OML/cmm/m/it/12 metadata\OT1/cmr/m/n/12 )\OML/cmm/m/it/12 endluatexbase:get[]ser[]hatsit[]ame \OT1/cmr/m/n/12 =
 []


Underfull \hbox (badness 10000) in paragraph at lines 182--2
\OML/cmm/m/it/12 get[]ser[]hatsit[]amelocaldump[]egistered[]hatsits \OT1/cmr/m/n/12 =
 []


Underfull \hbox (badness 10000) in paragraph at lines 182--2
\OML/cmm/m/it/12 function\OT1/cmr/m/n/12 (\OML/cmm/m/it/12 asked[]ackage\OT1/cmr/m/n/12 )\OML/cmm/m/it/12 localwhatsit[]ist \OT1/cmr/m/n/12 =
 []


Overfull \hbox (1103.53242pt too wide) in paragraph at lines 182--2
[]\OML/cmm/m/it/12 ifasked[]ackagethenlocalwhatsitdata \OT1/cmr/m/n/12 = \OML/cmm/m/it/12 user[]hatsits\OT1/cmr/m/n/12 [\OML/cmm/m/it/12 asked[]ackage\OT1/cmr/m/n/12 ]\OML/cmm/m/it/12 ifnotwhatsitdatathenerror\OT1/cmr/m/n/12 ("(\OML/cmm/m/it/12 nouserwhatsitsregisteredforpackage\OT1/cmr/m/n/12 %\OML/cmm/m/it/12 s\OT1/cmr/m/n/12 )"\OML/cmm/m/it/12 ; asked[]ackage\OT1/cmr/m/n/12 )\OML/cmm/m/it/12 returnendtexiowrite[]l\OT1/cmr/m/n/12 ("(\OML/cmm/m/it/12 userwhatsitallocationstatsfor\OT1/cmr/m/n/12 "\OML/cmm/m/it/12 ::asked[]ackage\OT1/cmr/m/n/12 )\OML/cmm/m/it/12 forname; idinnext; whatsitdatadowhatsit[]ist\OT1/cmr/m/n/12 [#\OML/cmm/m/it/12 whatsit[]ist \OT1/cmr/m/n/12 +
 []


Overfull \hbox (1255.30908pt too wide) in paragraph at lines 182--2
\OT1/cmr/m/n/12 1] = \OML/cmm/m/it/12 stringformat\OT1/cmr/m/n/12 ("(%\OML/cmm/m/it/12 s \OT1/cmr/m/n/12 : %\OML/cmm/m/it/12 s\OT1/cmr/m/n/12 %\OML/cmm/m/it/12 d\OT1/cmr/m/n/12 )"\OML/cmm/m/it/12 ; asked[]ackage; name; id\OT1/cmr/m/n/12 )\OML/cmm/m/it/12 endelsetexiowrite[]l\OT1/cmr/m/n/12 ("(\OML/cmm/m/it/12 userwhatsitallocationstats\OT1/cmr/m/n/12 ")\OML/cmm/m/it/12 texiowrite[]l\OT1/cmr/m/n/12 (\OML/cmm/m/it/12 stringformat\OT1/cmr/m/n/12 ("((\OML/cmm/m/it/12 total\OT1/cmr/m/n/12 %\OML/cmm/m/it/12 d\OT1/cmr/m/n/12 )\OMS/cmsy/m/n/12 n\OML/cmm/m/it/12 n\OT1/cmr/m/n/12 (\OML/cmm/m/it/12 anonymous\OT1/cmr/m/n/12 %\OML/cmm/m/it/12 d\OT1/cmr/m/n/12 ))"\OML/cmm/m/it/12 ; current[]hatsit; anonymous[]hatsits\OT1/cmr/m/n/12 ))\OML/cmm/m/it/12 forpackage; whatsitdatainnext; user[]hatsitsdoforname; idinnext; whatsitdatadowhatsit[]ist\OT1/cmr/m/n/12 [#\OML/cmm/m/it/12 whatsit[]ist \OT1/cmr/m/n/12 +
 []


Overfull \hbox (87.93164pt too wide) in paragraph at lines 182--2
\OT1/cmr/m/n/12 1] = \OML/cmm/m/it/12 stringformat\OT1/cmr/m/n/12 ("(%\OML/cmm/m/it/12 s \OT1/cmr/m/n/12 : %\OML/cmm/m/it/12 s\OT1/cmr/m/n/12 %\OML/cmm/m/it/12 d\OT1/cmr/m/n/12 )"\OML/cmm/m/it/12 ; package; name; id\OT1/cmr/m/n/12 )\OML/cmm/m/it/12 endendendtexiowrite[]l\OT1/cmr/m/n/12 "("\OML/cmm/m/it/12 localfirst \OT1/cmr/m/n/12 =
 []


Underfull \hbox (badness 10000) in paragraph at lines 182--2
\OML/cmm/m/it/12 truefori \OT1/cmr/m/n/12 = 1\OML/cmm/m/it/12 ; \OT1/cmr/m/n/12 #\OML/cmm/m/it/12 whatsit[]istdoiffirstthenfirst \OT1/cmr/m/n/12 =
 []


Overfull \hbox (203.03366pt too wide) in paragraph at lines 182--2
\OML/cmm/m/it/12 falseelsetexiowrite[]l\OT1/cmr/m/n/12 ""\OML/cmm/m/it/12 endtexiowrite\OT1/cmr/m/n/12 (\OML/cmm/m/it/12 whatsit[]ist\OT1/cmr/m/n/12 [\OML/cmm/m/it/12 i\OT1/cmr/m/n/12 ])\OML/cmm/m/it/12 endtexiowrite\OT1/cmr/m/n/12 "))\OMS/cmsy/m/n/12 n\OML/cmm/m/it/12 n\OT1/cmr/m/n/12 "\OML/cmm/m/it/12 endluatexbase:dump[]egistered[]hatsits \OT1/cmr/m/n/12 =
 []


Underfull \hbox (badness 10000) in paragraph at lines 182--2
\OML/cmm/m/it/12 dump[]egistered[]hatsitsluatexbase:newattribute \OT1/cmr/m/n/12 =
 []


Underfull \hbox (badness 10000) in paragraph at lines 182--2
\OML/cmm/m/it/12 new[]ttributeluatexbase:newuserwhatsit \OT1/cmr/m/n/12 =
 []


Underfull \hbox (badness 10000) in paragraph at lines 182--2
\OML/cmm/m/it/12 new[]ser[]hatsitluatexbase:newuserwhatsitid \OT1/cmr/m/n/12 =
 []


Underfull \hbox (badness 10000) in paragraph at lines 182--2
\OML/cmm/m/it/12 new[]ser[]hatsit[]dluatexbase:getuserwhatsitid \OT1/cmr/m/n/12 =
 []


Underfull \hbox (badness 10000) in paragraph at lines 182--2
\OML/cmm/m/it/12 get[]ser[]hatsit[]dluatexbase:getuserwhatsitname \OT1/cmr/m/n/12 =
 []


Underfull \hbox (badness 10000) in paragraph at lines 182--2
\OML/cmm/m/it/12 get[]ser[]hatsit[]ameluatexbase:dumpregisteredwhatsits \OT1/cmr/m/n/12 =
 []

Package: ifluatex 2019/10/25 v1.5 ifluatex legacy package. Use iftex instead.
)

d:/texlive/2023/texmf-dist/tex/lualatex/luacode/luacode.sty:51: Package luacode Error: LuaTeX is required for this package. Aborting..

See the luacode package documentation for explanation.
Type  H <return>  for immediate help.
 ...                                              
                                                  
l.51     to prevent additional errors.}
                                       
This package can only be used with the LuaTeX engine
(command `lualatex'). Package loading has been stopped
to prevent additional errors.

d:/texlive/2023/texmf-dist/tex/lualatex/luacode/luacode.sty:53: Undefined control sequence.
<recently read> \luacode@sty@endinput 
                                      
l.53 \fi
        
The control sequence at the end of the top line
of your error message was never \def'ed. If you have
misspelled it (e.g., `\hobx'), type `I' and the correct
spelling (e.g., `I\hbox'). Otherwise just continue,
and I'll forget about whatever was undefined.

\luacode@lines=\toks39
d:/texlive/2023/texmf-dist/tex/lualatex/luacode/luacode.sty:135: Undefined control sequence.
l.135 \newluatexcatcodetable
                             \luacode@table@soft
The control sequence at the end of the top line
of your error message was never \def'ed. If you have
misspelled it (e.g., `\hobx'), type `I' and the correct
spelling (e.g., `I\hbox'). Otherwise just continue,
and I'll forget about whatever was undefined.

d:/texlive/2023/texmf-dist/tex/lualatex/luacode/luacode.sty:135: Undefined control sequence.
l.135 \newluatexcatcodetable \luacode@table@soft
                                                
The control sequence at the end of the top line
of your error message was never \def'ed. If you have
misspelled it (e.g., `\hobx'), type `I' and the correct
spelling (e.g., `I\hbox'). Otherwise just continue,
and I'll forget about whatever was undefined.

d:/texlive/2023/texmf-dist/tex/lualatex/luacode/luacode.sty:140: Undefined control sequence.
l.140 \setluatexcatcodetable
                             \luacode@table@soft {%
The control sequence at the end of the top line
of your error message was never \def'ed. If you have
misspelled it (e.g., `\hobx'), type `I' and the correct
spelling (e.g., `I\hbox'). Otherwise just continue,
and I'll forget about whatever was undefined.

d:/texlive/2023/texmf-dist/tex/lualatex/luacode/luacode.sty:140: Undefined control sequence.
l.140 \setluatexcatcodetable \luacode@table@soft
                                                 {%
The control sequence at the end of the top line
of your error message was never \def'ed. If you have
misspelled it (e.g., `\hobx'), type `I' and the correct
spelling (e.g., `I\hbox'). Otherwise just continue,
and I'll forget about whatever was undefined.

d:/texlive/2023/texmf-dist/tex/lualatex/luacode/luacode.sty:141: Undefined control sequence.
l.141   \luatexcatcodetable
                           \CatcodeTableOther
The control sequence at the end of the top line
of your error message was never \def'ed. If you have
misspelled it (e.g., `\hobx'), type `I' and the correct
spelling (e.g., `I\hbox'). Otherwise just continue,
and I'll forget about whatever was undefined.

d:/texlive/2023/texmf-dist/tex/lualatex/luacode/luacode.sty:141: Undefined control sequence.
l.141   \luatexcatcodetable\CatcodeTableOther
                                             
The control sequence at the end of the top line
of your error message was never \def'ed. If you have
misspelled it (e.g., `\hobx'), type `I' and the correct
spelling (e.g., `I\hbox'). Otherwise just continue,
and I'll forget about whatever was undefined.

d:/texlive/2023/texmf-dist/tex/lualatex/luacode/luacode.sty:161: Undefined control sequence.
l.161 \luacode@sty@endinput
                           
The control sequence at the end of the top line
of your error message was never \def'ed. If you have
misspelled it (e.g., `\hobx'), type `I' and the correct
spelling (e.g., `I\hbox'). Otherwise just continue,
and I'll forget about whatever was undefined.

)
c:/Users/mastr/Documents/MS/programy/plpl-llvm/plplk/artykuł/HETERODOKSJA/praca.tex:4: Undefined control sequence.
\luacode@begin ...capechar 92 \luatexcatcodetable 
                                                  #1\relax \edef \luacode@en...
l.4 \begin{luacode}
                   
The control sequence at the end of the top line
of your error message was never \def'ed. If you have
misspelled it (e.g., `\hobx'), type `I' and the correct
spelling (e.g., `I\hbox'). Otherwise just continue,
and I'll forget about whatever was undefined.

c:/Users/mastr/Documents/MS/programy/plpl-llvm/plplk/artykuł/HETERODOKSJA/praca.tex:4: Undefined control sequence.
<argument> \luacode@table@soft 
                               
l.4 \begin{luacode}
                   
The control sequence at the end of the top line
of your error message was never \def'ed. If you have
misspelled it (e.g., `\hobx'), type `I' and the correct
spelling (e.g., `I\hbox'). Otherwise just continue,
and I'll forget about whatever was undefined.

c:/Users/mastr/Documents/MS/programy/plpl-llvm/plplk/artykuł/HETERODOKSJA/praca.tex:4: Undefined control sequence.
\luacode@begin ...pandafter {\luatexscantextokens 
                                                  \expandafter {\luacode@end...
l.4 \begin{luacode}
                   
The control sequence at the end of the top line
of your error message was never \def'ed. If you have
misspelled it (e.g., `\hobx'), type `I' and the correct
spelling (e.g., `I\hbox'). Otherwise just continue,
and I'll forget about whatever was undefined.

)
Runaway argument?
! File ended while scanning use of \luacode@grab@lines.
<inserted text> 
                \par 
<*> ...vm/plplk/artykuł/HETERODOKSJA/praca.tex^^M
                                                  
I suspect you have forgotten a `}', causing me
to read past where you wanted me to stop.
I'll try to recover; but if the error is serious,
you'd better type `E' or `X' now and fix your file.

! Emergency stop.
<*> ...vm/plplk/artykuł/HETERODOKSJA/praca.tex^^M
                                                  
*** (job aborted, no legal \end found)

 
Here is how much of TeX's memory you used:
 20348 strings out of 476046
 406240 string characters out of 5794026
 1865993 words of memory out of 5000000
 40535 multiletter control sequences out of 15000+600000
 518576 words of font info for 51 fonts, out of 8000000 for 9000
 1141 hyphenation exceptions out of 8191
 88i,6n,91p,521b,355s stack positions out of 10000i,1000n,20000p,200000b,200000s
!  ==> Fatal error occurred, no output PDF file produced!
